<?xml version="1.0" encoding="UTF-8"?>
<testsuite name="student.management.Student.Management.service.StudentServiceTest" tests="4" skipped="0" failures="0" errors="0" timestamp="2025-07-15T14:17:26" hostname="MacBook-Air-136.local" time="0.51">
  <properties/>
  <testcase name="受講生の詳細検索_IDに基づいて受講生とコースを取得し詳細を返すこと()" classname="student.management.Student.Management.service.StudentServiceTest" time="0.498"/>
  <testcase name="受講生更新_受講生とコース情報の更新が実行されること()" classname="student.management.Student.Management.service.StudentServiceTest" time="0.002"/>
  <testcase name="受講生詳細の一覧検索_リポジトリとコンバーターの処理が適切に呼び出されていること()" classname="student.management.Student.Management.service.StudentServiceTest" time="0.004"/>
  <testcase name="受講生登録_受講生と受講生コースが適切に登録されること()" classname="student.management.Student.Management.service.StudentServiceTest" time="0.003"/>
  <system-out><![CDATA[]]></system-out>
  <system-err><![CDATA[Mockito is currently self-attaching to enable the inline-mock-maker. This will no longer work in future releases of the JDK. Please add Mockito as an agent to your build what is described in Mockito's documentation: https://javadoc.io/doc/org.mockito/mockito-core/latest/org/mockito/Mockito.html#0.3
WARNING: A Java agent has been loaded dynamically (/Users/hiroishiryuta/.gradle/caches/modules-2/files-2.1/net.bytebuddy/byte-buddy-agent/1.15.10/e8eb255b2c378b9a6c7341e7b0e12f0a5636377/byte-buddy-agent-1.15.10.jar)
WARNING: If a serviceability tool is in use, please run with -XX:+EnableDynamicAgentLoading to hide this warning
WARNING: If a serviceability tool is not in use, please run with -Djdk.instrument.traceUsage for more information
WARNING: Dynamic loading of agents will be disallowed by default in a future release
]]></system-err>
</testsuite>
